[debug] [2023-09-08T18:14:33.045Z] ----------------------------------------------------------------------
[debug] [2023-09-08T18:14:33.048Z] Command:       C:\Program Files\nodejs\node.exe C:\Users\alexa\AppData\Roaming\npm\node_modules\firebase-tools\lib\bin\firebase.js init hosting:github
[debug] [2023-09-08T18:14:33.048Z] CLI Version:   12.5.2
[debug] [2023-09-08T18:14:33.049Z] Platform:      win32
[debug] [2023-09-08T18:14:33.050Z] Node Version:  v18.16.1
[debug] [2023-09-08T18:14:33.051Z] Time:          Fri Sep 08 2023 12:14:33 GMT-0600 (Mountain Daylight Time)
[debug] [2023-09-08T18:14:33.051Z] ----------------------------------------------------------------------
[debug] 
[debug] [2023-09-08T18:14:33.160Z] > command requires scopes: ["email","openid","https://www.googleapis.com/auth/cloudplatformprojects.readonly","https://www.googleapis.com/auth/firebase","https://www.googleapis.com/auth/cloud-platform"]
[debug] [2023-09-08T18:14:33.162Z] > authorizing via signed-in user (alexa.joerin@gmail.com)
[info] 
     ######## #### ########  ######## ########     ###     ######  ########
     ##        ##  ##     ## ##       ##     ##  ##   ##  ##       ##
     ######    ##  ########  ######   ########  #########  ######  ######
     ##        ##  ##    ##  ##       ##     ## ##     ##       ## ##
     ##       #### ##     ## ######## ########  ##     ##  ######  ########

You're about to initialize a Firebase project in this directory:

  C:\Users\alexa\Desktop\personal\unit9\shoutouts\frontend

Before we get started, keep in mind:

  * You are initializing within an existing Firebase project directory

[info] 
=== Project Setup
[info] 
[info] First, let's associate this project directory with a Firebase project.
[info] You can create multiple project aliases by running firebase use --add, 
[info] but for now we'll just set up a default project.
[info] 
[debug] [2023-09-08T18:14:39.613Z] Using project from CLI flag: shoutouts-39fc0
[debug] [2023-09-08T18:14:39.615Z] > refreshing access token with scopes: []
[debug] [2023-09-08T18:14:39.620Z] >>> [apiv2][query] POST https://www.googleapis.com/oauth2/v3/token [none]
[debug] [2023-09-08T18:14:39.620Z] >>> [apiv2][body] POST https://www.googleapis.com/oauth2/v3/token [omitted]
[debug] [2023-09-08T18:14:39.837Z] <<< [apiv2][status] POST https://www.googleapis.com/oauth2/v3/token 200
[debug] [2023-09-08T18:14:39.837Z] <<< [apiv2][body] POST https://www.googleapis.com/oauth2/v3/token [omitted]
[debug] [2023-09-08T18:14:39.847Z] >>> [apiv2][query] GET https://firebase.googleapis.com/v1beta1/projects/shoutouts-39fc0 [none]
[debug] [2023-09-08T18:14:40.051Z] <<< [apiv2][status] GET https://firebase.googleapis.com/v1beta1/projects/shoutouts-39fc0 200
[debug] [2023-09-08T18:14:40.052Z] <<< [apiv2][body] GET https://firebase.googleapis.com/v1beta1/projects/shoutouts-39fc0 {"projectId":"shoutouts-39fc0","projectNumber":"11870232346","displayName":"shoutouts","name":"projects/shoutouts-39fc0","resources":{"hostingSite":"shoutouts-39fc0"},"state":"ACTIVE","etag":"1_66f8b4d6-e832-4d94-9600-494f257ccf75"}
[info] i  Using project shoutouts-39fc0 (shoutouts) 
[info] 
=== Hosting:github Setup
[info] 
[info] i  Detected a .git folder at C:\Users\alexa\Desktop\personal\unit9\shoutouts\frontend 
[info] i  Authorizing with GitHub to upload your service account to a GitHub repository's secrets store. 
[info] 
[info] Visit this URL on this device to log in:
[info] https://github.com/login/oauth/authorize?client_id=89cf50f02ac6aaed3484&state=343201990&redirect_uri=http%3A%2F%2Flocalhost%3A9005&scope=read%3Auser%20repo%20public_repo
[info] 
[info] Waiting for authentication...
[debug] [2023-09-08T18:15:36.331Z] >>> [apiv2][query] POST https://github.com/login/oauth/access_token [none]
[debug] [2023-09-08T18:15:36.332Z] >>> [apiv2][body] POST https://github.com/login/oauth/access_token [stream]
[debug] [2023-09-08T18:15:36.658Z] <<< [apiv2][status] POST https://github.com/login/oauth/access_token 200
[debug] [2023-09-08T18:15:36.658Z] <<< [apiv2][body] POST https://github.com/login/oauth/access_token {"access_token":"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","token_type":"bearer","scope":"read:user,repo"}
[debug] [2023-09-08T18:15:36.675Z] >>> [apiv2][query] GET https://api.github.com/user [none]
[debug] [2023-09-08T18:15:37.058Z] <<< [apiv2][status] GET https://api.github.com/user 200
[debug] [2023-09-08T18:15:37.058Z] <<< [apiv2][body] GET https://api.github.com/user {"login":"alexajoerin","id":132113971,"node_id":"U_kgDOB9_mMw","avatar_url":"https://avatars.githubusercontent.com/u/132113971?v=4","gravatar_id":"","url":"https://api.github.com/users/alexajoerin","html_url":"https://github.com/alexajoerin","followers_url":"https://api.github.com/users/alexajoerin/followers","following_url":"https://api.github.com/users/alexajoerin/following{/other_user}","gists_url":"https://api.github.com/users/alexajoerin/gists{/gist_id}","starred_url":"https://api.github.com/users/alexajoerin/starred{/owner}{/repo}","subscriptions_url":"https://api.github.com/users/alexajoerin/subscriptions","organizations_url":"https://api.github.com/users/alexajoerin/orgs","repos_url":"https://api.github.com/users/alexajoerin/repos","events_url":"https://api.github.com/users/alexajoerin/events{/privacy}","received_events_url":"https://api.github.com/users/alexajoerin/received_events","type":"User","site_admin":false,"name":"Alexa Joerin","company":null,"blog":"","location":null,"email":null,"hireable":null,"bio":null,"twitter_username":null,"public_repos":17,"public_gists":0,"followers":0,"following":0,"created_at":"2023-04-29T01:11:25Z","updated_at":"2023-08-02T02:14:19Z","private_gists":0,"total_private_repos":7,"owned_private_repos":7,"disk_usage":9632,"collaborators":0,"two_factor_authentication":false,"plan":{"name":"free","space":976562499,"collaborators":0,"private_repos":10000}}
[info] 
[info] +  Success! Logged into GitHub as alexajoerin 
[info] 
